<?xml version="1.0" encoding="UTF-8"?>
<testng-results ignored="0" total="1" passed="1" failed="0" skipped="0">
  <reporter-output>
  </reporter-output>
  <suite started-at="2022-05-30T19:58:59 IST" name="Default suite" finished-at="2022-05-30T19:59:08 IST" duration-ms="8660">
    <groups>
    </groups>
    <test started-at="2022-05-30T19:58:59 IST" name="Default test" finished-at="2022-05-30T19:59:08 IST" duration-ms="8660">
      <class name="com.Checkedin.testcases.Gridclass">
        <test-method signature="TestGrid()[pri:0, instance:com.Checkedin.testcases.Gridclass@71809907]" started-at="2022-05-30T19:58:59 IST" name="TestGrid" finished-at="2022-05-30T19:59:08 IST" duration-ms="8623" status="PASS">
          <reporter-output>
          </reporter-output>
        </test-method> <!-- TestGrid -->
      </class> <!-- com.Checkedin.testcases.Gridclass -->
    </test> <!-- Default test -->
  </suite> <!-- Default suite -->
</testng-results>
